The Meson build system
Version: 1.4.0
Source dir: /home/qzhao24/mlprofiler/hpctoolkit_gitlab
Build dir: /home/qzhao24/mlprofiler/hpctoolkit_gitlab/builddir
Build type: native build
Project name: hpctoolkit
Project version: 2024.01.99-next
C compiler for the host machine: ccache cc (gcc 9.4.0 "cc (Ubuntu 9.4.0-1ubuntu1~20.04.2) 9.4.0")
C linker for the host machine: cc ld.bfd 2.34
C++ compiler for the host machine: ccache c++ (gcc 9.4.0 "c++ (Ubuntu 9.4.0-1ubuntu1~20.04.2) 9.4.0")
C++ linker for the host machine: c++ ld.bfd 2.34
Host machine cpu family: x86_64
Host machine cpu: x86_64
Program python3 found: YES 3.11.9 3.11.9 (/home/qzhao24/miniconda3/envs/hpctoolkit/bin/python3)
Program /home/qzhao24/miniconda3/envs/hpctoolkit/bin/python3 found: YES (/home/qzhao24/miniconda3/envs/hpctoolkit/bin/python3)
Found pkg-config: YES (/home/qzhao24/mlprofiler/spack/var/spack/environments/hpctoolkit/.spack-env/view/bin/pkg-config) 2.2.0
Run-time dependency python found: YES 3.11
Has header "Python.h" with dependency python-3.11: YES 
Run-time dependency libdw found: YES 0.190
Run-time dependency libelf found: YES 0.190
Run-time dependency Boost (found: graph) found: YES 1.85.0 (/home/qzhao24/mlprofiler/spack/var/spack/environments/hpctoolkit/.spack-env/view)
Run-time dependency bzip2 found: YES 1.0.8
Run-time dependency tbb found: YES 2021.9.0
Found CMake: /home/qzhao24/mlprofiler/spack/var/spack/environments/hpctoolkit/.spack-env/view/bin/cmake (3.27.9)
Run-time dependency tbbmalloc found: NO (tried pkgconfig and cmake)
Run-time dependency tbb found: YES 2021.9.0
Run-time dependency libunwind found: YES 1.6.2
Run-time dependency xerces-c found: YES 3.2.5
Run-time dependency liblzma found: YES 5.4.6
Run-time dependency zlib found: YES 1.3.0.zlib-ng
Run-time dependency libxxhash found: NO (tried pkgconfig and cmake)
Looking for a fallback subproject for the dependency libxxhash

Executing subproject xxhash 

xxhash| Project name: xxHash
xxhash| Project version: 0.8.2
xxhash| C compiler for the host machine: ccache cc (gcc 9.4.0 "cc (Ubuntu 9.4.0-1ubuntu1~20.04.2) 9.4.0")
xxhash| C linker for the host machine: cc ld.bfd 2.34
xxhash| Configuring libxxhash.pc using configuration
xxhash| Build targets in project: 2
xxhash| Subproject xxhash finished.

Dependency libxxhash found: YES 0.8.2 (overridden)
Run-time dependency yaml-cpp found: YES 0.7.0
Run-time dependency papi found: YES 7.1.0.0
Header "papi.h" has symbol "PAPI_get_eventset_component" with dependency papi: YES 
Run-time dependency libiberty found: YES
Run-time dependency xed found: NO (tried cmake)
Has header "xed/xed-interface.h" : YES 
Library xed found: YES
Fetching value of define "XED_VERSION" with dependency -lxed: "v2022.08.11" 
Run-time dependency perfmon2 found: YES 4.0
Run-time dependency dyninst (modules: Dyninst::instructionAPI, Dyninst::parseAPI, Dyninst::symtabAPI) found: YES 13.0.0
Checking if "Dyninst::InstructionAPI::InstructionDecoder has unknown_instruction::register_callback" with dependency Dyninst compiles: YES 
Checking if "Dyninst::SymtabAPI::Symtab uses getContainingModule()" with dependency Dyninst compiles: YES 
Header "entryIDs.h" has symbol "intel_gpu_op_general" with dependency Dyninst: YES 
Checking if "Dyninst has Arch_cuda" with dependency Dyninst compiles: YES 
Program rst2man rst2man.py found: NO
mpic++ found: YES (/usr/bin/mpic++) 4.0.3
Run-time dependency MPI for cpp found: YES 4.0.3
Program mpiexec found: YES (/usr/bin/mpiexec)
Program nvdisasm found: YES (/home/qzhao24/mlprofiler/deps/cuda-12.1/bin/nvdisasm)
Run-time dependency CUDA (modules: cudart_static, rt, pthread, dl, cupti) found: YES 12.1 (/home/qzhao24/mlprofiler/deps/cuda-12.1)
Cuda compiler for the host machine: ccache nvcc (nvcc 12.1.66
Build cuda_12.1.r12.1/compiler.32415258_0)
Cuda linker for the host machine: nvcc nvlink 12.1.66
Build cuda_12.1.r12.1/compiler.32415258_0
meson.build:341: WARNING: Module CUDA has no backwards or forwards compatibility and might not exist in future releases.
Message: Building for CUDA architectures: sm_50 sm_52 sm_53 sm_60 sm_61 sm_62 sm_70 sm_72 sm_75 sm_80 sm_86 sm_87 sm_89 sm_90
Has header "torch_monitor.h" : YES 
Library torch_monitor found: YES
Run-time dependency hip found: NO (tried cmake)
Run-time dependency hsa-runtime64 found: NO (tried cmake)
Run-time dependency roctracer found: NO (tried cmake)
Has header "roctracer/roctracer_hip.h" : NO 
Run-time dependency roctracer found: NO 
Run-time dependency rocprofiler found: NO (tried cmake)
Has header "rocprofiler/rocprofiler.h" : NO 
Run-time dependency rocprofiler found: NO 
Run-time dependency opencl-headers found: NO (tried pkgconfig and cmake)
Run-time dependency openclheaders found: NO (tried pkgconfig and cmake)
Run-time dependency opencl found: YES 3.0
Dependency OpenCL found: YES 3.0 (cached)
Run-time dependency level-zero found: NO (tried pkgconfig and cmake)
Has header "ze_api.h" : NO 
Run-time dependency level-zero found: NO (tried pkgconfig and cmake)
Has header "api/gtpin_api.h" : NO 
Run-time dependency gtpin found: NO 
Library m found: YES
Run-time dependency threads found: YES
Run-time dependency OpenMP found: YES 4.5
Run-time dependency dl found: YES
Library rt found: YES
Compiler for C supports arguments -Wstack-usage=65536: YES 
Compiler for C++ supports arguments -Wstack-usage=65536: YES 
Computing int of "sizeof(void*)" : 8
Header "byteswap.h" has symbol "bswap_64" : YES 
Header "linux/futex.h" has symbol "SYS_futex" : YES 
Header "time.h" has symbol "CLOCK_REALTIME" : YES 
Header "signal.h" has symbol "SIGEV_THREAD_ID" : YES 
Header "time.h" has symbol "CLOCK_THREAD_CPUTIME_ID" : YES 
Checking for type "struct perf_event_attr" : YES 
Configuring hpctoolkit-version.cpp.vcs.in using configuration
Found git repository at /home/qzhao24/mlprofiler/hpctoolkit_gitlab
Configuring static.data.cpp using configuration
Configuring static.data.cpp using configuration
Checking if "Linux >= 4.3" compiles: YES 
Program /home/qzhao24/mlprofiler/hpctoolkit_gitlab/builddir/lib/python/.venv/bin/python found: YES (/home/qzhao24/mlprofiler/hpctoolkit_gitlab/builddir/lib/python/.venv/bin/python)
Program install found: YES (/bin/sh /home/qzhao24/mlprofiler/hpctoolkit_gitlab/lib/python/install)
Program thread-disruptive found: YES (/home/qzhao24/mlprofiler/hpctoolkit_gitlab/tests/lib/thread-disruptive)
Program run found: YES (/home/qzhao24/mlprofiler/hpctoolkit_gitlab/tests/data/meas/run)
Program prof found: YES (/home/qzhao24/mlprofiler/hpctoolkit_gitlab/tests/data/dbase/prof)
Program cp-r found: YES (/bin/sh /home/qzhao24/mlprofiler/hpctoolkit_gitlab/tests/data/cp-r)
Program git found: YES (/usr/bin/git)
Program env found: YES (/usr/bin/env)
Program tst-cputime-produces-profiles found: YES (/bin/sh -ex /home/qzhao24/mlprofiler/hpctoolkit_gitlab/tests/hpcrun/cpu/itimer/tst-cputime-produces-profiles)
Program tst-cputime-produces-profiles-noaudit found: YES (/bin/sh -ex /home/qzhao24/mlprofiler/hpctoolkit_gitlab/tests/hpcrun/cpu/itimer/tst-cputime-produces-profiles-noaudit)
Program tst-realtime-produces-profiles found: YES (/bin/sh -ex /home/qzhao24/mlprofiler/hpctoolkit_gitlab/tests/hpcrun/cpu/itimer/tst-realtime-produces-profiles)
Program tst-realtime-produces-profiles-noaudit found: YES (/bin/sh -ex /home/qzhao24/mlprofiler/hpctoolkit_gitlab/tests/hpcrun/cpu/itimer/tst-realtime-produces-profiles-noaudit)
Program tst-perf-period-produces-profiles found: YES (/bin/sh -ex /home/qzhao24/mlprofiler/hpctoolkit_gitlab/tests/hpcrun/cpu/perf/tst-perf-period-produces-profiles)
Program tst-perf-period-produces-profiles-noaudit found: YES (/bin/sh -ex /home/qzhao24/mlprofiler/hpctoolkit_gitlab/tests/hpcrun/cpu/perf/tst-perf-period-produces-profiles-noaudit)
Program tst-perf-freq-produces-profiles found: YES (/bin/sh -ex /home/qzhao24/mlprofiler/hpctoolkit_gitlab/tests/hpcrun/cpu/perf/tst-perf-freq-produces-profiles)
Program tst-perf-freq-produces-profiles-noaudit found: YES (/bin/sh -ex /home/qzhao24/mlprofiler/hpctoolkit_gitlab/tests/hpcrun/cpu/perf/tst-perf-freq-produces-profiles-noaudit)
Program tst-pthread-blame-produces-profiles found: YES (/bin/sh -ex /home/qzhao24/mlprofiler/hpctoolkit_gitlab/tests/hpcrun/cpu/pthread-blame/tst-pthread-blame-produces-profiles)
Program tst-pthread-blame-produces-profiles-noaudit found: YES (/bin/sh -ex /home/qzhao24/mlprofiler/hpctoolkit_gitlab/tests/hpcrun/cpu/pthread-blame/tst-pthread-blame-produces-profiles-noaudit)
Program tst-memleak-produces-profiles found: YES (/bin/sh -ex /home/qzhao24/mlprofiler/hpctoolkit_gitlab/tests/hpcrun/cpu/memleak/tst-memleak-produces-profiles)
Program tst-memleak-produces-profiles-noaudit found: YES (/bin/sh -ex /home/qzhao24/mlprofiler/hpctoolkit_gitlab/tests/hpcrun/cpu/memleak/tst-memleak-produces-profiles-noaudit)
Program tst-io-produces-profiles found: YES (/bin/sh -ex /home/qzhao24/mlprofiler/hpctoolkit_gitlab/tests/hpcrun/cpu/io/tst-io-produces-profiles)
Program tst-io-produces-profiles-noaudit found: YES (/bin/sh -ex /home/qzhao24/mlprofiler/hpctoolkit_gitlab/tests/hpcrun/cpu/io/tst-io-produces-profiles-noaudit)
Program tst-threads-tracked found: YES (/bin/sh -ex /home/qzhao24/mlprofiler/hpctoolkit_gitlab/tests/hpcrun/threads/tst-threads-tracked)
Program tst-threads-tracked-noaudit found: YES (/bin/sh -ex /home/qzhao24/mlprofiler/hpctoolkit_gitlab/tests/hpcrun/threads/tst-threads-tracked-noaudit)
Program tst-threads-tracked found: YES (/bin/sh -ex /home/qzhao24/mlprofiler/hpctoolkit_gitlab/tests/hpcrun/threads/tst-threads-tracked)
Program tst-threads-tracked-noaudit found: YES (/bin/sh -ex /home/qzhao24/mlprofiler/hpctoolkit_gitlab/tests/hpcrun/threads/tst-threads-tracked-noaudit)
Program tst-threads-tracked found: YES (/bin/sh -ex /home/qzhao24/mlprofiler/hpctoolkit_gitlab/tests/hpcrun/threads/tst-threads-tracked)
Program tst-threads-tracked-noaudit found: YES (/bin/sh -ex /home/qzhao24/mlprofiler/hpctoolkit_gitlab/tests/hpcrun/threads/tst-threads-tracked-noaudit)
Program tst-threads-tracked found: YES (/bin/sh -ex /home/qzhao24/mlprofiler/hpctoolkit_gitlab/tests/hpcrun/threads/tst-threads-tracked)
Program tst-threads-tracked-noaudit found: YES (/bin/sh -ex /home/qzhao24/mlprofiler/hpctoolkit_gitlab/tests/hpcrun/threads/tst-threads-tracked-noaudit)
Program tst-python-simple found: YES (/home/qzhao24/mlprofiler/hpctoolkit_gitlab/tests/hpcrun/python/tst-python-simple)
Program tst-python-simple-noaudit found: YES (/home/qzhao24/mlprofiler/hpctoolkit_gitlab/tests/hpcrun/python/tst-python-simple-noaudit)
Program tst-opencl-vecadd-produces-profiles found: YES (/home/qzhao24/mlprofiler/hpctoolkit_gitlab/tests/hpcrun/gpu/opencl/tst-opencl-vecadd-produces-profiles)
Program tst-cuda-vecadd-produces-profiles found: YES (/home/qzhao24/mlprofiler/hpctoolkit_gitlab/tests/hpcrun/gpu/cuda/tst-cuda-vecadd-produces-profiles)
Program tst-lexical-structure found: YES (/home/qzhao24/mlprofiler/hpctoolkit_gitlab/tests/hpcstruct/tst-lexical-structure)
Program tst-consistent found: YES (/home/qzhao24/mlprofiler/hpctoolkit_gitlab/tests/hpcstruct/tst-consistent)
Program tst-flags-effective found: YES (/home/qzhao24/mlprofiler/hpctoolkit_gitlab/tests/hpcprof/tst-flags-effective)
Program tst-accuracy found: YES (/home/qzhao24/mlprofiler/hpctoolkit_gitlab/tests/hpcprof/tst-accuracy)
Program tst-default-pipeline found: YES (/home/qzhao24/mlprofiler/hpctoolkit_gitlab/tests/end2end/tst-default-pipeline)
Build targets in project: 239

hpctoolkit 2024.01.99-next

  Subprojects
    xxhash           : YES

  User defined options
    prefix           : /home/qzhao24/mlprofiler/hpctoolkit-install
    cuda             : enabled
    torch_monitor_dir: /home/qzhao24/mlprofiler/torch-monitor/build

Found ninja-1.11.1.git.kitware.jobserver-1 at /home/qzhao24/miniconda3/envs/hpctoolkit/bin/ninja
